[2014-10-31 10:27:04 INFO ] [Timer-0] (com.rds.schedule.ApiUploadScheduleThread:22) - 档案上传执行开始
[2014-10-31 10:27:05 INFO ] [Timer-0] (com.rds.json.ApiSpJson:100) - 发送内容{"GoodsList":{"Goods":[{"GoodsNO":"M0001","GoodsName":"异常产品","Weight":"0.3","Price":"23.0000","Barcode":"111111111"}]}}
[2014-10-31 10:27:05 INFO ] [Timer-0] (com.rds.upload.UploadDeal:25) - 发送签名内容:{"GoodsList":{"Goods":[{"GoodsNO":"M0001","GoodsName":"异常产品","Weight":"0.3","Price":"23.0000","Barcode":"111111111"}]}}8f34ca639649cd7f7945596c105b5cce
[2014-10-31 10:27:05 INFO ] [Timer-0] (com.rds.upload.UploadDeal:27) - md5:8b6f4c1f46b6e927701e654f48c0edc2
[2014-10-31 10:27:05 INFO ] [Timer-0] (com.rds.upload.UploadDeal:34) - 签名:OGI2ZjRjMWY0NmI2ZTkyNzcwMWU2NTRmNDhjMGVkYzI%3D
[2014-10-31 10:27:05 INFO ] [Timer-0] (com.rds.json.ApiSpJson:102) - 接收内容{"ResultCode":0,"ResultMsg":"Success"}
[2014-10-31 10:27:05 INFO ] [Timer-0] (com.rds.upload.UploadDeal:34) - 耗时462
[2014-10-31 10:27:05 INFO ] [Timer-0] (com.rds.schedule.ApiUploadScheduleThread:39) - 档案上传执行结束
[2014-10-31 10:38:19 INFO ] [Timer-0] (com.rds.schedule.ApiUploadScheduleThread:22) - 档案上传执行开始
[2014-10-31 10:38:20 INFO ] [Timer-0] (com.rds.json.ApiSpJson:100) - 发送内容{"GoodsList":{"Goods":[{"GoodsNO":"M0001","GoodsName":"异常产品","Weight":"0.3","Price":"23.0000","Barcode":"111111111"}]}}
[2014-10-31 10:38:20 INFO ] [Timer-0] (com.rds.upload.UploadDeal:25) - 发送签名内容:{"GoodsList":{"Goods":[{"GoodsNO":"M0001","GoodsName":"异常产品","Weight":"0.3","Price":"23.0000","Barcode":"111111111"}]}}8f34ca639649cd7f7945596c105b5cce
[2014-10-31 10:38:20 INFO ] [Timer-0] (com.rds.upload.UploadDeal:32) - 签名:OGI2ZjRjMWY0NmI2ZTkyNzcwMWU2NTRmNDhjMGVkYzI%3D
[2014-10-31 10:38:20 INFO ] [Timer-0] (com.rds.json.ApiSpJson:102) - 接收内容{"ResultCode":0,"ResultMsg":"Success"}
[2014-10-31 10:38:20 INFO ] [Timer-0] (com.rds.upload.UploadDeal:34) - 耗时427
[2014-10-31 10:38:20 INFO ] [Timer-0] (com.rds.schedule.ApiUploadScheduleThread:39) - 档案上传执行结束
[2014-10-31 10:48:01 INFO ] [Timer-0] (com.rds.schedule.ApiUploadScheduleThread:22) - 档案上传执行开始
[2014-10-31 10:48:01 INFO ] [Timer-0] (com.rds.json.ApiSpJson:100) - 发送内容{"GoodsList":{"Goods":[{"GoodsNO":"M0001","GoodsName":"异常产品","Weight":"0.3","Price":"23.0000","Barcode":"111111111"}]}}
[2014-10-31 10:48:01 INFO ] [Timer-0] (com.rds.util.ApiUtil:25) - 发送签名内容:{"GoodsList":{"Goods":[{"GoodsNO":"M0001","GoodsName":"异常产品","Weight":"0.3","Price":"23.0000","Barcode":"111111111"}]}}8f34ca639649cd7f7945596c105b5cce
[2014-10-31 10:48:01 INFO ] [Timer-0] (com.rds.util.ApiUtil:32) - 签名:OGI2ZjRjMWY0NmI2ZTkyNzcwMWU2NTRmNDhjMGVkYzI%3D
[2014-10-31 10:48:01 INFO ] [Timer-0] (com.rds.json.ApiSpJson:102) - 接收内容{"ResultCode":0,"ResultMsg":"Success"}
[2014-10-31 10:48:01 INFO ] [Timer-0] (com.rds.upload.UploadDeal:34) - 耗时444
[2014-10-31 10:48:01 INFO ] [Timer-0] (com.rds.schedule.ApiUploadScheduleThread:39) - 档案上传执行结束
[2014-10-31 10:49:08 INFO ] [Timer-0] (com.rds.schedule.ApiUploadScheduleThread:22) - 档案上传执行开始
[2014-10-31 10:49:08 INFO ] [Timer-0] (com.rds.json.ApiSpJson:100) - 发送内容{"GoodsList":{"Goods":[{"GoodsNO":"M0001","GoodsName":"异常产品","Weight":"0.3","Price":"23.0000","Barcode":"111111111"}]}}
[2014-10-31 10:49:08 INFO ] [Timer-0] (com.rds.util.ApiUtil:25) - 发送签名内容:{"GoodsList":{"Goods":[{"GoodsNO":"M0001","GoodsName":"异常产品","Weight":"0.3","Price":"23.0000","Barcode":"111111111"}]}}8f34ca639649cd7f7945596c105b5cce
[2014-10-31 10:49:08 INFO ] [Timer-0] (com.rds.util.ApiUtil:32) - 签名:OGI2ZjRjMWY0NmI2ZTkyNzcwMWU2NTRmNDhjMGVkYzI%3D
[2014-10-31 10:49:08 INFO ] [Timer-0] (com.rds.json.ApiSpJson:102) - 接收内容{"ResultCode":0,"ResultMsg":"Success"}
[2014-10-31 10:49:08 INFO ] [Timer-0] (com.rds.upload.UploadDeal:34) - 耗时361
[2014-10-31 10:49:08 INFO ] [Timer-0] (com.rds.schedule.ApiUploadScheduleThread:39) - 档案上传执行结束
[2014-10-31 14:05:34 INFO ] [Timer-0] (com.rds.schedule.ApiUploadScheduleThread:22) - 档案上传执行开始
[2014-10-31 14:05:34 INFO ] [Timer-0] (com.rds.json.ApiSpJson:100) - 发送内容{"GoodsList":{"Goods":[{"GoodsNO":"Z0752","GoodsName":"TYPE-R-二合一温度计+湿度计TR-050B-黑","Weight":"0.0","Price":"51.0000","Barcode":"10002773"}]}}
[2014-10-31 14:05:34 INFO ] [Timer-0] (com.rds.util.ApiUtil:25) - 发送签名内容:{"GoodsList":{"Goods":[{"GoodsNO":"Z0752","GoodsName":"TYPE-R-二合一温度计+湿度计TR-050B-黑","Weight":"0.0","Price":"51.0000","Barcode":"10002773"}]}}8f34ca639649cd7f7945596c105b5cce
[2014-10-31 14:05:34 INFO ] [Timer-0] (com.rds.util.ApiUtil:32) - 签名:OWM0M2FmMDBmN2I3MmUwMDAzZDQ1NmVmY2I0YTQxYTY%3D
[2014-10-31 14:07:42 INFO ] [Timer-0] (com.rds.schedule.ApiUploadScheduleThread:22) - 档案上传执行开始
[2014-10-31 14:07:43 INFO ] [Timer-0] (com.rds.json.ApiSpJson:100) - 发送内容{"GoodsList":{"Goods":[{"GoodsNO":"Z0752","GoodsName":"TYPE-R-二合一温度计+湿度计TR-050B-黑","Weight":"0.0","Price":"51.0000","Barcode":"10002773"}]}}
[2014-10-31 14:07:43 INFO ] [Timer-0] (com.rds.util.ApiUtil:25) - 发送签名内容:{"GoodsList":{"Goods":[{"GoodsNO":"Z0752","GoodsName":"TYPE-R-二合一温度计+湿度计TR-050B-黑","Weight":"0.0","Price":"51.0000","Barcode":"10002773"}]}}8f34ca639649cd7f7945596c105b5cce
[2014-10-31 14:07:43 INFO ] [Timer-0] (com.rds.util.ApiUtil:32) - 签名:OWM0M2FmMDBmN2I3MmUwMDAzZDQ1NmVmY2I0YTQxYTY%3D
[2014-10-31 14:07:43 INFO ] [Timer-0] (com.rds.json.ApiSpJson:102) - 接收内容{"ResultCode":99,"ResultMsg":"\u7b7e\u540d\u9a8c\u8bc1\u5931\u8d25,Sign:ODJjYTA1NzA1NjRkOTUxNjU2ZjU3OGU4YmViMzRjMDY="}
[2014-10-31 14:07:43 INFO ] [Timer-0] (com.rds.upload.UploadDeal:34) - 耗时374
[2014-10-31 14:07:43 INFO ] [Timer-0] (com.rds.schedule.ApiUploadScheduleThread:39) - 档案上传执行结束
