[2014-10-27 10:28:53 INFO ] [Thread-0] (com.rds.schedule.ApiUploadSchedule:17) - 设置档案上传开始执行时间：11:00:12
[2014-10-27 10:28:53 INFO ] [Thread-0] (com.rds.schedule.ApiUploadSchedule:20) - 档案上传实际开始执行时间：2014-10-27 11:00:12
[2014-10-27 10:30:11 INFO ] [Thread-0] (com.rds.schedule.ApiUploadSchedule:17) - 设置档案上传开始执行时间：10:27:01
[2014-10-27 10:30:11 INFO ] [Thread-0] (com.rds.schedule.ApiUploadSchedule:20) - 档案上传实际开始执行时间：2014-10-27 10:31:11
[2014-10-27 10:31:11 INFO ] [Timer-0] (com.rds.schedule.ApiUploadScheduleThread:18) - 档案上传执行开始
[2014-10-27 10:31:11 INFO ] [Timer-0] (com.rds.schedule.ApiUploadScheduleThread:19) - 档案上传执行结束
[2014-10-27 10:31:23 INFO ] [Thread-0] (com.rds.schedule.ApiUploadSchedule:17) - 设置档案上传开始执行时间：10:27:01
[2014-10-27 10:31:23 INFO ] [Thread-0] (com.rds.schedule.ApiUploadSchedule:20) - 档案上传实际开始执行时间：2014-10-27 10:32:23
[2014-10-27 10:31:43 INFO ] [Thread-0] (com.rds.schedule.ApiUploadSchedule:25) - 档案上传定时器取消
[2014-10-27 10:50:14 INFO ] [Thread-0] (com.rds.schedule.ApiUploadSchedule:17) - 设置档案上传开始执行时间：10:27:01
[2014-10-27 10:50:14 INFO ] [Thread-0] (com.rds.schedule.ApiUploadSchedule:20) - 档案上传实际开始执行时间：2014-10-27 10:51:14
[2014-10-27 10:51:58 INFO ] [Thread-0] (com.rds.schedule.ApiUploadSchedule:17) - 设置档案上传开始执行时间：10:27:01
[2014-10-27 10:51:58 INFO ] [Thread-0] (com.rds.schedule.ApiUploadSchedule:20) - 档案上传实际开始执行时间：2014-10-27 10:52:58
[2014-10-27 10:52:58 INFO ] [Timer-0] (com.rds.schedule.ApiUploadScheduleThread:19) - 档案上传执行开始
[2014-10-27 10:52:58 INFO ] [Timer-0] (com.rds.schedule.ApiUploadScheduleThread:21) - 档案上传执行结束
[2014-10-27 10:54:57 INFO ] [Thread-0] (com.rds.schedule.ApiUploadSchedule:17) - 设置档案上传开始执行时间：10:27:01
[2014-10-27 10:54:57 INFO ] [Thread-0] (com.rds.schedule.ApiUploadSchedule:20) - 档案上传实际开始执行时间：2014-10-27 10:55:57
[2014-10-27 10:55:57 INFO ] [Timer-0] (com.rds.schedule.ApiUploadScheduleThread:19) - 档案上传执行开始
[2014-10-27 10:56:00 INFO ] [Timer-0] (com.rds.schedule.ApiUploadScheduleThread:21) - 档案上传执行结束
[2014-10-27 11:04:39 INFO ] [Thread-0] (com.rds.schedule.ApiUploadSchedule:17) - 设置档案上传开始执行时间：10:27:01
[2014-10-27 11:04:39 INFO ] [Thread-0] (com.rds.schedule.ApiUploadSchedule:20) - 档案上传实际开始执行时间：2014-10-27 11:05:39
[2014-10-27 11:04:45 INFO ] [Thread-0] (com.rds.schedule.ApiUploadSchedule:17) - 设置档案上传开始执行时间：10:27:01
[2014-10-27 11:04:45 INFO ] [Thread-0] (com.rds.schedule.ApiUploadSchedule:20) - 档案上传实际开始执行时间：2014-10-27 11:05:45
[2014-10-27 11:05:39 INFO ] [Timer-0] (com.rds.schedule.ApiUploadScheduleThread:19) - 档案上传执行开始
[2014-10-27 11:05:41 INFO ] [Timer-0] (com.rds.schedule.ApiUploadScheduleThread:21) - 档案上传执行结束
[2014-10-27 11:05:45 INFO ] [Timer-0] (com.rds.schedule.ApiUploadScheduleThread:19) - 档案上传执行开始
[2014-10-27 11:05:45 INFO ] [Timer-0] (com.rds.schedule.ApiUploadScheduleThread:21) - 档案上传执行结束
[2014-10-27 11:11:32 INFO ] [Thread-0] (com.rds.schedule.ApiUploadSchedule:17) - 设置档案上传开始执行时间：10:27:01
[2014-10-27 11:11:32 INFO ] [Thread-0] (com.rds.schedule.ApiUploadSchedule:20) - 档案上传实际开始执行时间：2014-10-27 11:12:32
[2014-10-27 11:19:00 INFO ] [Thread-0] (com.rds.schedule.ApiUploadSchedule:17) - 设置档案上传开始执行时间：10:27:01
[2014-10-27 11:19:00 INFO ] [Thread-0] (com.rds.schedule.ApiUploadSchedule:20) - 档案上传实际开始执行时间：2014-10-27 11:20:00
[2014-10-27 11:19:11 INFO ] [main] (com.rds.upload.UploadDeal:29) - 耗时898
[2014-10-27 11:21:44 INFO ] [main] (com.rds.upload.UploadDeal:29) - 耗时762
[2014-10-27 11:25:53 INFO ] [main] (com.rds.upload.UploadDeal:29) - 耗时705
[2014-10-27 11:27:23 INFO ] [main] (com.rds.upload.UploadDeal:29) - 耗时13914
[2014-10-27 11:54:41 INFO ] [main] (com.rds.upload.UploadDeal:29) - 耗时1340
[2014-10-27 11:58:38 INFO ] [main] (com.rds.upload.UploadDeal:29) - 耗时38530
[2014-10-27 12:01:14 INFO ] [main] (com.rds.upload.UploadDeal:29) - 耗时728
[2014-10-27 12:06:32 INFO ] [main] (com.rds.upload.UploadDeal:29) - 耗时393
[2014-10-27 12:07:23 INFO ] [main] (com.rds.upload.UploadDeal:29) - 耗时405
[2014-10-27 12:10:58 INFO ] [main] (com.rds.upload.UploadDeal:29) - 耗时406
[2014-10-27 12:12:54 INFO ] [main] (com.rds.upload.UploadDeal:29) - 耗时408
[2014-10-27 12:14:57 INFO ] [main] (com.rds.upload.UploadDeal:29) - 耗时436
[2014-10-27 14:50:38 INFO ] [Thread-0] (com.rds.schedule.ApiUploadSchedule:17) - 设置档案上传开始执行时间：10:27:01
[2014-10-27 14:50:38 INFO ] [Thread-0] (com.rds.schedule.ApiUploadSchedule:20) - 档案上传实际开始执行时间：2014-10-27 14:51:38
[2014-10-27 14:51:38 INFO ] [Timer-0] (com.rds.schedule.ApiUploadScheduleThread:19) - 档案上传执行开始
[2014-10-27 14:51:39 INFO ] [Timer-0] (com.rds.upload.UploadDeal:29) - 耗时883
[2014-10-27 14:51:40 INFO ] [Timer-0] (com.rds.schedule.ApiUploadScheduleThread:21) - 档案上传执行结束
[2014-10-27 15:11:31 INFO ] [Thread-0] (com.rds.schedule.ApiUploadSchedule:17) - 设置档案上传开始执行时间：10:27:01
[2014-10-27 15:11:31 INFO ] [Thread-0] (com.rds.schedule.ApiUploadSchedule:20) - 档案上传实际开始执行时间：2014-10-27 15:12:31
[2014-10-27 15:12:16 INFO ] [Thread-0] (com.rds.schedule.ApiUploadSchedule:17) - 设置档案上传开始执行时间：10:27:01
[2014-10-27 15:12:16 INFO ] [Thread-0] (com.rds.schedule.ApiUploadSchedule:20) - 档案上传实际开始执行时间：2014-10-27 15:13:16
[2014-10-27 15:16:16 INFO ] [Thread-0] (com.rds.schedule.ApiUploadSchedule:18) - 设置档案上传开始执行时间：10:27:01
[2014-10-27 15:16:16 INFO ] [Thread-0] (com.rds.schedule.ApiUploadSchedule:21) - 档案上传实际开始执行时间：2014-10-27 15:17:16
[2014-10-27 15:17:09 INFO ] [Thread-0] (com.rds.schedule.ApiUploadSchedule:18) - 设置档案上传开始执行时间：10:27:01
[2014-10-27 15:17:09 INFO ] [Thread-0] (com.rds.schedule.ApiUploadSchedule:21) - 档案上传实际开始执行时间：2014-10-27 15:18:09
[2014-10-27 15:18:13 INFO ] [Thread-0] (com.rds.schedule.ApiUploadSchedule:18) - 设置档案上传开始执行时间：10:27:01
[2014-10-27 15:18:13 INFO ] [Thread-0] (com.rds.schedule.ApiUploadSchedule:21) - 档案上传实际开始执行时间：2014-10-27 15:19:13
[2014-10-27 15:18:45 INFO ] [Thread-0] (com.rds.schedule.ApiUploadSchedule:18) - 设置档案上传开始执行时间：10:27:01
[2014-10-27 15:18:45 INFO ] [Thread-0] (com.rds.schedule.ApiUploadSchedule:21) - 档案上传实际开始执行时间：2014-10-27 15:19:45
[2014-10-27 15:19:00 INFO ] [Thread-0] (com.rds.schedule.ApiUploadSchedule:18) - 设置档案上传开始执行时间：10:27:01
[2014-10-27 15:19:00 INFO ] [Thread-0] (com.rds.schedule.ApiUploadSchedule:21) - 档案上传实际开始执行时间：2014-10-27 15:20:00
[2014-10-27 15:19:35 INFO ] [Thread-0] (com.rds.schedule.ApiUploadSchedule:18) - 设置档案上传开始执行时间：10:27:01
[2014-10-27 15:19:35 INFO ] [Thread-0] (com.rds.schedule.ApiUploadSchedule:21) - 档案上传实际开始执行时间：2014-10-27 15:20:35
[2014-10-27 15:20:35 INFO ] [Timer-0] (com.rds.schedule.ApiUploadScheduleThread:22) - 档案上传执行开始
[2014-10-27 15:20:36 INFO ] [Timer-0] (com.rds.upload.UploadDeal:30) - 耗时317
[2014-10-27 15:20:36 INFO ] [Timer-0] (com.rds.schedule.ApiUploadScheduleThread:24) - 档案上传执行结束
[2014-10-27 15:32:32 INFO ] [Thread-0] (com.rds.schedule.ApiUploadSchedule:18) - 设置档案上传开始执行时间：10:27:01
[2014-10-27 15:32:32 INFO ] [Thread-0] (com.rds.schedule.ApiUploadSchedule:21) - 档案上传实际开始执行时间：2014-10-27 15:33:32
[2014-10-27 15:32:32 INFO ] [Thread-0] (com.rds.schedule.ApiUploadSchedule:18) - 设置库存上传开始执行时间：10:30:01
[2014-10-27 15:32:32 INFO ] [Thread-0] (com.rds.schedule.ApiUploadSchedule:21) - 库存上传实际开始执行时间：2014-10-27 15:33:32
[2014-10-27 15:33:32 INFO ] [Timer-0] (com.rds.schedule.ApiUploadScheduleThread:22) - 档案上传执行开始
[2014-10-27 15:33:32 INFO ] [Timer-1] (com.rds.schedule.ApiUploadScheduleThread:22) - 库存上传执行开始
[2014-10-27 15:33:33 INFO ] [Timer-1] (com.rds.upload.UploadDeal:27) - 耗时6
[2014-10-27 15:33:33 INFO ] [Timer-1] (com.rds.schedule.ApiUploadScheduleThread:24) - 库存上传执行结束
[2014-10-27 15:33:33 INFO ] [Timer-0] (com.rds.upload.UploadDeal:27) - 耗时14
[2014-10-27 15:33:33 INFO ] [Timer-0] (com.rds.schedule.ApiUploadScheduleThread:24) - 档案上传执行结束
[2014-10-27 15:37:54 INFO ] [Thread-0] (com.rds.schedule.ApiUploadSchedule:18) - 设置档案上传开始执行时间：10:27:01
[2014-10-27 15:37:54 INFO ] [Thread-0] (com.rds.schedule.ApiUploadSchedule:21) - 档案上传实际开始执行时间：2014-10-27 15:38:54
[2014-10-27 15:37:54 INFO ] [Thread-0] (com.rds.schedule.ApiUploadSchedule:18) - 设置库存上传开始执行时间：10:30:01
[2014-10-27 15:37:54 INFO ] [Thread-0] (com.rds.schedule.ApiUploadSchedule:21) - 库存上传实际开始执行时间：2014-10-27 15:38:54
[2014-10-27 15:38:54 INFO ] [Timer-0] (com.rds.schedule.ApiUploadScheduleThread:22) - 档案上传执行开始
[2014-10-27 15:38:54 INFO ] [Timer-1] (com.rds.schedule.ApiUploadScheduleThread:22) - 库存上传执行开始
[2014-10-27 15:38:55 INFO ] [Timer-0] (com.rds.upload.UploadDeal:29) - 耗时5
[2014-10-27 15:38:55 INFO ] [Timer-0] (com.rds.schedule.ApiUploadScheduleThread:29) - 档案上传执行结束
[2014-10-27 15:38:55 INFO ] [Timer-1] (com.rds.upload.UploadDeal:59) - 耗时425
[2014-10-27 15:38:55 INFO ] [Timer-1] (com.rds.schedule.ApiUploadScheduleThread:29) - 库存上传执行结束
[2014-10-27 15:41:41 INFO ] [Thread-0] (com.rds.schedule.ApiUploadSchedule:18) - 设置档案上传开始执行时间：10:27:01
[2014-10-27 15:41:41 INFO ] [Thread-0] (com.rds.schedule.ApiUploadSchedule:21) - 档案上传实际开始执行时间：2014-10-27 15:42:41
[2014-10-27 15:41:41 INFO ] [Thread-0] (com.rds.schedule.ApiUploadSchedule:18) - 设置库存上传开始执行时间：10:30:01
[2014-10-27 15:41:41 INFO ] [Thread-0] (com.rds.schedule.ApiUploadSchedule:21) - 库存上传实际开始执行时间：2014-10-27 15:42:41
[2014-10-27 15:42:41 INFO ] [Timer-0] (com.rds.schedule.ApiUploadScheduleThread:22) - 档案上传执行开始
[2014-10-27 15:42:41 INFO ] [Timer-1] (com.rds.schedule.ApiUploadScheduleThread:22) - 库存上传执行开始
[2014-10-27 15:42:42 INFO ] [Timer-0] (com.rds.upload.UploadDeal:29) - 耗时42
[2014-10-27 15:42:42 INFO ] [Timer-0] (com.rds.schedule.ApiUploadScheduleThread:29) - 档案上传执行结束
[2014-10-27 15:42:42 INFO ] [Timer-1] (com.rds.upload.UploadDeal:59) - 耗时380
[2014-10-27 15:42:42 INFO ] [Timer-1] (com.rds.schedule.ApiUploadScheduleThread:29) - 库存上传执行结束
[2014-10-27 15:44:03 INFO ] [Thread-0] (com.rds.schedule.ApiUploadSchedule:18) - 设置档案上传开始执行时间：10:27:01
[2014-10-27 15:44:03 INFO ] [Thread-0] (com.rds.schedule.ApiUploadSchedule:21) - 档案上传实际开始执行时间：2014-10-27 15:45:03
[2014-10-27 15:44:03 INFO ] [Thread-0] (com.rds.schedule.ApiUploadSchedule:18) - 设置库存上传开始执行时间：10:30:01
[2014-10-27 15:44:03 INFO ] [Thread-0] (com.rds.schedule.ApiUploadSchedule:21) - 库存上传实际开始执行时间：2014-10-27 15:45:03
[2014-10-27 15:45:03 INFO ] [Timer-0] (com.rds.schedule.ApiUploadScheduleThread:22) - 档案上传执行开始
[2014-10-27 15:45:03 INFO ] [Timer-1] (com.rds.schedule.ApiUploadScheduleThread:22) - 库存上传执行开始
[2014-10-27 15:45:03 INFO ] [Timer-0] (com.rds.upload.UploadDeal:29) - 耗时77
[2014-10-27 15:45:03 INFO ] [Timer-0] (com.rds.schedule.ApiUploadScheduleThread:29) - 档案上传执行结束
[2014-10-27 15:45:03 INFO ] [Timer-1] (com.rds.upload.UploadDeal:59) - 耗时360
[2014-10-27 15:45:03 INFO ] [Timer-1] (com.rds.schedule.ApiUploadScheduleThread:29) - 库存上传执行结束
[2014-10-27 15:49:23 INFO ] [Thread-0] (com.rds.schedule.ApiUploadSchedule:18) - 设置档案上传开始执行时间：10:27:01
[2014-10-27 15:49:23 INFO ] [Thread-0] (com.rds.schedule.ApiUploadSchedule:21) - 档案上传实际开始执行时间：2014-10-27 15:50:23
[2014-10-27 15:49:23 INFO ] [Thread-0] (com.rds.schedule.ApiUploadSchedule:18) - 设置库存上传开始执行时间：10:30:01
[2014-10-27 15:49:23 INFO ] [Thread-0] (com.rds.schedule.ApiUploadSchedule:21) - 库存上传实际开始执行时间：2014-10-27 15:50:23
[2014-10-27 15:50:23 INFO ] [Timer-0] (com.rds.schedule.ApiUploadScheduleThread:22) - 档案上传执行开始
[2014-10-27 15:50:23 INFO ] [Timer-1] (com.rds.schedule.ApiUploadScheduleThread:22) - 库存上传执行开始
[2014-10-27 15:50:23 INFO ] [Timer-0] (com.rds.upload.UploadDeal:29) - 耗时127
[2014-10-27 15:50:23 INFO ] [Timer-0] (com.rds.schedule.ApiUploadScheduleThread:29) - 档案上传执行结束
[2014-10-27 15:50:25 INFO ] [Timer-1] (com.rds.upload.UploadDeal:59) - 耗时1441
[2014-10-27 15:50:25 INFO ] [Timer-1] (com.rds.schedule.ApiUploadScheduleThread:29) - 库存上传执行结束
[2014-10-27 15:52:32 INFO ] [Thread-0] (com.rds.schedule.ApiUploadSchedule:18) - 设置档案上传开始执行时间：10:27:01
[2014-10-27 15:52:32 INFO ] [Thread-0] (com.rds.schedule.ApiUploadSchedule:21) - 档案上传实际开始执行时间：2014-10-27 15:53:32
[2014-10-27 15:52:32 INFO ] [Thread-0] (com.rds.schedule.ApiUploadSchedule:18) - 设置库存上传开始执行时间：10:30:01
[2014-10-27 15:52:32 INFO ] [Thread-0] (com.rds.schedule.ApiUploadSchedule:21) - 库存上传实际开始执行时间：2014-10-27 15:53:32
[2014-10-27 15:53:32 INFO ] [Timer-0] (com.rds.schedule.ApiUploadScheduleThread:22) - 档案上传执行开始
[2014-10-27 15:53:32 INFO ] [Timer-1] (com.rds.schedule.ApiUploadScheduleThread:22) - 库存上传执行开始
[2014-10-27 15:53:32 INFO ] [Timer-0] (com.rds.upload.UploadDeal:29) - 耗时17
[2014-10-27 15:53:32 INFO ] [Timer-0] (com.rds.schedule.ApiUploadScheduleThread:29) - 档案上传执行结束
[2014-10-27 15:53:33 INFO ] [Timer-1] (com.rds.upload.UploadDeal:59) - 耗时379
[2014-10-27 15:53:33 INFO ] [Timer-1] (com.rds.schedule.ApiUploadScheduleThread:29) - 库存上传执行结束
[2014-10-27 15:59:05 INFO ] [Thread-0] (com.rds.schedule.ApiUploadSchedule:18) - 设置档案上传开始执行时间：10:27:01
[2014-10-27 15:59:05 INFO ] [Thread-0] (com.rds.schedule.ApiUploadSchedule:21) - 档案上传实际开始执行时间：2014-10-27 16:00:05
[2014-10-27 15:59:05 INFO ] [Thread-0] (com.rds.schedule.ApiUploadSchedule:18) - 设置库存上传开始执行时间：10:30:01
[2014-10-27 15:59:05 INFO ] [Thread-0] (com.rds.schedule.ApiUploadSchedule:21) - 库存上传实际开始执行时间：2014-10-27 16:00:05
[2014-10-27 16:00:05 INFO ] [Timer-0] (com.rds.schedule.ApiUploadScheduleThread:22) - 档案上传执行开始
[2014-10-27 16:00:05 INFO ] [Timer-1] (com.rds.schedule.ApiUploadScheduleThread:22) - 库存上传执行开始
[2014-10-27 16:00:05 INFO ] [Timer-0] (com.rds.upload.UploadDeal:29) - 耗时20
[2014-10-27 16:00:05 INFO ] [Timer-0] (com.rds.schedule.ApiUploadScheduleThread:29) - 档案上传执行结束
[2014-10-27 16:00:05 INFO ] [Timer-1] (com.rds.upload.UploadDeal:59) - 耗时465
[2014-10-27 16:00:05 INFO ] [Timer-1] (com.rds.schedule.ApiUploadScheduleThread:29) - 库存上传执行结束
[2014-10-27 16:01:00 INFO ] [Thread-0] (com.rds.schedule.ApiUploadSchedule:18) - 设置档案上传开始执行时间：10:27:01
[2014-10-27 16:01:00 INFO ] [Thread-0] (com.rds.schedule.ApiUploadSchedule:21) - 档案上传实际开始执行时间：2014-10-27 16:02:00
[2014-10-27 16:01:00 INFO ] [Thread-0] (com.rds.schedule.ApiUploadSchedule:18) - 设置库存上传开始执行时间：10:30:01
[2014-10-27 16:01:00 INFO ] [Thread-0] (com.rds.schedule.ApiUploadSchedule:21) - 库存上传实际开始执行时间：2014-10-27 16:02:00
[2014-10-27 16:02:00 INFO ] [Timer-0] (com.rds.schedule.ApiUploadScheduleThread:22) - 档案上传执行开始
[2014-10-27 16:02:00 INFO ] [Timer-1] (com.rds.schedule.ApiUploadScheduleThread:22) - 库存上传执行开始
[2014-10-27 16:02:00 INFO ] [Timer-0] (com.rds.upload.UploadDeal:29) - 耗时90
[2014-10-27 16:02:00 INFO ] [Timer-0] (com.rds.schedule.ApiUploadScheduleThread:29) - 档案上传执行结束
[2014-10-27 16:02:00 INFO ] [Timer-1] (com.rds.upload.UploadDeal:59) - 耗时424
[2014-10-27 16:02:00 INFO ] [Timer-1] (com.rds.schedule.ApiUploadScheduleThread:29) - 库存上传执行结束
[2014-10-27 16:08:42 INFO ] [Thread-0] (com.rds.schedule.ApiUploadSchedule:18) - 设置档案上传开始执行时间：10:27:01
[2014-10-27 16:08:42 INFO ] [Thread-0] (com.rds.schedule.ApiUploadSchedule:21) - 档案上传实际开始执行时间：2014-10-27 16:09:42
[2014-10-27 16:08:42 INFO ] [Thread-0] (com.rds.schedule.ApiUploadSchedule:18) - 设置库存上传开始执行时间：10:30:01
[2014-10-27 16:08:42 INFO ] [Thread-0] (com.rds.schedule.ApiUploadSchedule:21) - 库存上传实际开始执行时间：2014-10-27 16:09:42
[2014-10-27 16:09:42 INFO ] [Timer-0] (com.rds.schedule.ApiUploadScheduleThread:22) - 档案上传执行开始
[2014-10-27 16:09:42 INFO ] [Timer-1] (com.rds.schedule.ApiUploadScheduleThread:22) - 库存上传执行开始
[2014-10-27 16:09:43 INFO ] [Timer-0] (com.rds.upload.UploadDeal:29) - 耗时84
[2014-10-27 16:09:43 INFO ] [Timer-0] (com.rds.schedule.ApiUploadScheduleThread:29) - 档案上传执行结束
[2014-10-27 16:09:43 INFO ] [Timer-1] (com.rds.upload.UploadDeal:59) - 耗时327
[2014-10-27 16:09:43 INFO ] [Timer-1] (com.rds.schedule.ApiUploadScheduleThread:29) - 库存上传执行结束
[2014-10-27 16:11:32 INFO ] [Thread-0] (com.rds.schedule.ApiUploadSchedule:18) - 设置档案上传开始执行时间：10:27:01
[2014-10-27 16:11:32 INFO ] [Thread-0] (com.rds.schedule.ApiUploadSchedule:21) - 档案上传实际开始执行时间：2014-10-27 16:12:32
[2014-10-27 16:11:32 INFO ] [Thread-0] (com.rds.schedule.ApiUploadSchedule:18) - 设置库存上传开始执行时间：10:30:01
[2014-10-27 16:11:32 INFO ] [Thread-0] (com.rds.schedule.ApiUploadSchedule:21) - 库存上传实际开始执行时间：2014-10-27 16:12:32
[2014-10-27 16:12:32 INFO ] [Timer-0] (com.rds.schedule.ApiUploadScheduleThread:22) - 档案上传执行开始
[2014-10-27 16:12:32 INFO ] [Timer-1] (com.rds.schedule.ApiUploadScheduleThread:22) - 库存上传执行开始
[2014-10-27 16:12:32 INFO ] [Timer-0] (com.rds.upload.UploadDeal:29) - 耗时40
[2014-10-27 16:12:32 INFO ] [Timer-0] (com.rds.schedule.ApiUploadScheduleThread:29) - 档案上传执行结束
[2014-10-27 16:12:33 INFO ] [Timer-1] (com.rds.upload.UploadDeal:59) - 耗时388
[2014-10-27 16:12:33 INFO ] [Timer-1] (com.rds.schedule.ApiUploadScheduleThread:29) - 库存上传执行结束
[2014-10-27 16:16:07 INFO ] [Thread-0] (com.rds.schedule.ApiUploadSchedule:18) - 设置档案上传开始执行时间：10:27:01
[2014-10-27 16:16:07 INFO ] [Thread-0] (com.rds.schedule.ApiUploadSchedule:21) - 档案上传实际开始执行时间：2014-10-27 16:17:07
[2014-10-27 16:16:07 INFO ] [Thread-0] (com.rds.schedule.ApiUploadSchedule:18) - 设置库存上传开始执行时间：10:30:01
[2014-10-27 16:16:07 INFO ] [Thread-0] (com.rds.schedule.ApiUploadSchedule:21) - 库存上传实际开始执行时间：2014-10-27 16:17:07
[2014-10-27 16:17:07 INFO ] [Timer-0] (com.rds.schedule.ApiUploadScheduleThread:22) - 档案上传执行开始
[2014-10-27 16:17:07 INFO ] [Timer-1] (com.rds.schedule.ApiUploadScheduleThread:22) - 库存上传执行开始
[2014-10-27 16:17:08 INFO ] [Timer-0] (com.rds.upload.UploadDeal:29) - 耗时16
[2014-10-27 16:17:08 INFO ] [Timer-0] (com.rds.schedule.ApiUploadScheduleThread:29) - 档案上传执行结束
[2014-10-27 16:17:08 INFO ] [Timer-1] (com.rds.upload.UploadDeal:59) - 耗时427
[2014-10-27 16:17:08 INFO ] [Timer-1] (com.rds.schedule.ApiUploadScheduleThread:29) - 库存上传执行结束
[2014-10-27 16:22:07 INFO ] [Timer-0] (com.rds.schedule.ApiUploadScheduleThread:22) - 档案上传执行开始
[2014-10-27 16:22:07 INFO ] [Timer-1] (com.rds.schedule.ApiUploadScheduleThread:22) - 库存上传执行开始
[2014-10-27 16:22:07 INFO ] [Timer-0] (com.rds.upload.UploadDeal:29) - 耗时11
[2014-10-27 16:22:07 INFO ] [Timer-1] (com.rds.upload.UploadDeal:59) - 耗时11
[2014-10-27 16:22:07 INFO ] [Timer-0] (com.rds.schedule.ApiUploadScheduleThread:29) - 档案上传执行结束
[2014-10-27 16:22:07 INFO ] [Timer-1] (com.rds.schedule.ApiUploadScheduleThread:29) - 库存上传执行结束
[2014-10-27 16:27:07 INFO ] [Timer-0] (com.rds.schedule.ApiUploadScheduleThread:22) - 档案上传执行开始
[2014-10-27 16:27:07 INFO ] [Timer-1] (com.rds.schedule.ApiUploadScheduleThread:22) - 库存上传执行开始
[2014-10-27 16:27:07 INFO ] [Timer-0] (com.rds.upload.UploadDeal:29) - 耗时22
[2014-10-27 16:27:07 INFO ] [Timer-0] (com.rds.schedule.ApiUploadScheduleThread:29) - 档案上传执行结束
[2014-10-27 16:27:07 INFO ] [Timer-1] (com.rds.upload.UploadDeal:59) - 耗时7
[2014-10-27 16:27:07 INFO ] [Timer-1] (com.rds.schedule.ApiUploadScheduleThread:29) - 库存上传执行结束
[2014-10-27 16:29:56 INFO ] [Thread-0] (com.rds.schedule.ApiUploadSchedule:18) - 设置档案上传开始执行时间：10:27:01
[2014-10-27 16:29:56 INFO ] [Thread-0] (com.rds.schedule.ApiUploadSchedule:21) - 档案上传实际开始执行时间：2014-10-27 16:30:56
[2014-10-27 16:29:56 INFO ] [Thread-0] (com.rds.schedule.ApiUploadSchedule:18) - 设置库存上传开始执行时间：10:30:01
[2014-10-27 16:29:56 INFO ] [Thread-0] (com.rds.schedule.ApiUploadSchedule:21) - 库存上传实际开始执行时间：2014-10-27 16:30:56
[2014-10-27 16:30:56 INFO ] [Timer-0] (com.rds.schedule.ApiUploadScheduleThread:22) - 档案上传执行开始
[2014-10-27 16:30:56 INFO ] [Timer-1] (com.rds.schedule.ApiUploadScheduleThread:22) - 库存上传执行开始
[2014-10-27 16:30:56 INFO ] [Timer-0] (com.rds.upload.UploadDeal:29) - 耗时159
[2014-10-27 16:30:56 INFO ] [Timer-0] (com.rds.schedule.ApiUploadScheduleThread:29) - 档案上传执行结束
[2014-10-27 16:30:57 INFO ] [Timer-1] (com.rds.upload.UploadDeal:59) - 耗时432
[2014-10-27 16:30:57 INFO ] [Timer-1] (com.rds.schedule.ApiUploadScheduleThread:29) - 库存上传执行结束
[2014-10-27 16:32:07 INFO ] [Timer-0] (com.rds.schedule.ApiUploadScheduleThread:22) - 档案上传执行开始
[2014-10-27 16:32:07 INFO ] [Timer-1] (com.rds.schedule.ApiUploadScheduleThread:22) - 库存上传执行开始
[2014-10-27 16:32:07 INFO ] [Timer-1] (com.rds.upload.UploadDeal:59) - 耗时17
[2014-10-27 16:32:07 INFO ] [Timer-1] (com.rds.schedule.ApiUploadScheduleThread:29) - 库存上传执行结束
[2014-10-27 16:32:07 INFO ] [Timer-0] (com.rds.upload.UploadDeal:29) - 耗时15
[2014-10-27 16:32:07 INFO ] [Timer-0] (com.rds.schedule.ApiUploadScheduleThread:29) - 档案上传执行结束
[2014-10-27 16:38:10 INFO ] [Thread-0] (com.rds.schedule.ApiUploadSchedule:18) - 设置档案上传开始执行时间：10:27:01
[2014-10-27 16:38:10 INFO ] [Thread-0] (com.rds.schedule.ApiUploadSchedule:21) - 档案上传实际开始执行时间：2014-10-27 16:39:10
[2014-10-27 16:38:10 INFO ] [Thread-0] (com.rds.schedule.ApiUploadSchedule:18) - 设置库存上传开始执行时间：10:30:01
[2014-10-27 16:38:10 INFO ] [Thread-0] (com.rds.schedule.ApiUploadSchedule:21) - 库存上传实际开始执行时间：2014-10-27 16:39:10
[2014-10-27 16:39:10 INFO ] [Timer-0] (com.rds.schedule.ApiUploadScheduleThread:22) - 档案上传执行开始
[2014-10-27 16:39:10 INFO ] [Timer-1] (com.rds.schedule.ApiUploadScheduleThread:22) - 库存上传执行开始
[2014-10-27 16:39:11 INFO ] [Timer-0] (com.rds.upload.UploadDeal:29) - 耗时74
[2014-10-27 16:39:11 INFO ] [Timer-0] (com.rds.schedule.ApiUploadScheduleThread:29) - 档案上传执行结束
[2014-10-27 16:39:11 INFO ] [Timer-1] (com.rds.upload.UploadDeal:59) - 耗时339
[2014-10-27 16:39:11 INFO ] [Timer-1] (com.rds.schedule.ApiUploadScheduleThread:29) - 库存上传执行结束
[2014-10-27 16:43:10 INFO ] [Thread-0] (com.rds.schedule.ApiUploadSchedule:18) - 设置档案上传开始执行时间：10:27:01
[2014-10-27 16:43:10 INFO ] [Thread-0] (com.rds.schedule.ApiUploadSchedule:21) - 档案上传实际开始执行时间：2014-10-27 16:44:10
[2014-10-27 16:43:10 INFO ] [Thread-0] (com.rds.schedule.ApiUploadSchedule:18) - 设置库存上传开始执行时间：10:30:01
[2014-10-27 16:43:10 INFO ] [Thread-0] (com.rds.schedule.ApiUploadSchedule:21) - 库存上传实际开始执行时间：2014-10-27 16:44:10
[2014-10-27 16:44:10 INFO ] [Timer-0] (com.rds.schedule.ApiUploadScheduleThread:22) - 档案上传执行开始
[2014-10-27 16:44:10 INFO ] [Timer-1] (com.rds.schedule.ApiUploadScheduleThread:22) - 库存上传执行开始
[2014-10-27 16:44:11 INFO ] [Timer-0] (com.rds.upload.UploadDeal:29) - 耗时64
[2014-10-27 16:44:11 INFO ] [Timer-0] (com.rds.schedule.ApiUploadScheduleThread:29) - 档案上传执行结束
[2014-10-27 16:44:11 INFO ] [Timer-1] (com.rds.upload.UploadDeal:59) - 耗时368
[2014-10-27 16:44:11 INFO ] [Timer-1] (com.rds.schedule.ApiUploadScheduleThread:29) - 库存上传执行结束
[2014-10-27 21:45:04 INFO ] [Thread-0] (com.rds.schedule.ApiUploadSchedule:18) - 设置订单下载开始执行时间：10:20:01
[2014-10-27 21:45:04 INFO ] [Thread-0] (com.rds.schedule.ApiUploadSchedule:21) - 订单下载实际开始执行时间：2014-10-27 21:46:04
[2014-10-27 21:45:39 INFO ] [Thread-0] (com.rds.schedule.ApiUploadSchedule:18) - 设置订单下载开始执行时间：10:20:01
[2014-10-27 21:45:39 INFO ] [Thread-0] (com.rds.schedule.ApiUploadSchedule:21) - 订单下载实际开始执行时间：2014-10-27 21:46:39
[2014-10-27 21:46:11 INFO ] [Thread-0] (com.rds.schedule.ApiUploadSchedule:18) - 设置订单下载开始执行时间：10:20:01
[2014-10-27 21:46:11 INFO ] [Thread-0] (com.rds.schedule.ApiUploadSchedule:21) - 订单下载实际开始执行时间：2014-10-27 21:47:11
[2014-10-27 21:47:11 INFO ] [Timer-0] (com.rds.schedule.ApiUploadScheduleThread:22) - 订单下载执行开始
[2014-10-27 21:47:12 INFO ] [Timer-0] (com.rds.upload.UploadDeal:59) - 耗时78
[2014-10-27 21:47:12 INFO ] [Timer-0] (com.rds.schedule.ApiUploadScheduleThread:31) - 订单下载执行结束
[2014-10-27 21:48:49 INFO ] [Thread-0] (com.rds.schedule.ApiUploadSchedule:18) - 设置订单下载开始执行时间：10:20:01
[2014-10-27 21:48:49 INFO ] [Thread-0] (com.rds.schedule.ApiUploadSchedule:21) - 订单下载实际开始执行时间：2014-10-27 21:49:49
[2014-10-27 21:49:49 INFO ] [Timer-0] (com.rds.schedule.ApiUploadScheduleThread:22) - 订单下载执行开始
[2014-10-27 21:49:49 INFO ] [Timer-0] (com.rds.upload.UploadDeal:90) - 耗时12
[2014-10-27 21:49:49 INFO ] [Timer-0] (com.rds.schedule.ApiUploadScheduleThread:31) - 订单下载执行结束
[2014-10-27 21:51:26 INFO ] [Thread-0] (com.rds.schedule.ApiUploadSchedule:18) - 设置订单下载开始执行时间：10:20:01
[2014-10-27 21:51:26 INFO ] [Thread-0] (com.rds.schedule.ApiUploadSchedule:21) - 订单下载实际开始执行时间：2014-10-27 21:52:26
[2014-10-27 21:52:26 INFO ] [Timer-0] (com.rds.schedule.ApiUploadScheduleThread:22) - 订单下载执行开始
[2014-10-27 21:52:27 INFO ] [Timer-0] (com.rds.upload.UploadDeal:91) - 耗时910
[2014-10-27 21:52:27 INFO ] [Timer-0] (com.rds.schedule.ApiUploadScheduleThread:31) - 订单下载执行结束
